<?xml version="1.0" encoding="UTF-8"?>
<testng-results total="1" passed="1" failed="0" skipped="0">
  <reporter-output>
  </reporter-output>
  <suite started-at="2020-05-20T17:33:10Z" name="Surefire suite" finished-at="2020-05-20T17:35:13Z" duration-ms="123614">
    <groups>
    </groups>
    <test started-at="2020-05-20T17:33:10Z" name="Surefire test" finished-at="2020-05-20T17:35:13Z" duration-ms="123614">
      <class name="tests.Tcartera">
        <test-method is-config="true" signature="setDriver()[pri:0, instance:tests.Tcartera@43a0cee9]" started-at="2020-05-20T12:33:10Z" name="setDriver" finished-at="2020-05-20T12:33:12Z" duration-ms="1947" status="PASS">
          <reporter-output>
          </reporter-output>
        </test-method> <!-- setDriver -->
        <test-method signature="carteraTest()[pri:0, instance:tests.Tcartera@43a0cee9]" started-at="2020-05-20T12:33:12Z" name="carteraTest" finished-at="2020-05-20T12:35:13Z" duration-ms="121659" status="PASS">
          <reporter-output>
          </reporter-output>
        </test-method> <!-- carteraTest -->
        <test-method is-config="true" signature="quitDriver()[pri:0, instance:tests.Tcartera@43a0cee9]" started-at="2020-05-20T12:35:13Z" name="quitDriver" finished-at="2020-05-20T12:35:13Z" duration-ms="0" status="PASS">
          <reporter-output>
          </reporter-output>
        </test-method> <!-- quitDriver -->
      </class> <!-- tests.Tcartera -->
    </test> <!-- Surefire test -->
  </suite> <!-- Surefire suite -->
</testng-results>
