<?xml version="1.0" encoding="UTF-8"?>
<testng-results total="1" passed="1" failed="0" skipped="0">
  <reporter-output>
  </reporter-output>
  <suite started-at="2020-03-17T19:33:38Z" name="Surefire suite" finished-at="2020-03-17T19:33:38Z" duration-ms="27">
    <groups>
    </groups>
    <test started-at="2020-03-17T19:33:38Z" name="Surefire test" finished-at="2020-03-17T19:33:38Z" duration-ms="27">
      <class name="com.mx.elektra.pruebas.AppTest">
        <test-method signature="testApp()[pri:0, instance:testApp(com.mx.elektra.pruebas.AppTest)]" started-at="2020-03-17T13:33:38Z" name="testApp" finished-at="2020-03-17T13:33:38Z" duration-ms="17" status="PASS">
          <reporter-output>
          </reporter-output>
        </test-method> <!-- testApp -->
      </class> <!-- com.mx.elektra.pruebas.AppTest -->
    </test> <!-- Surefire test -->
  </suite> <!-- Surefire suite -->
</testng-results>
